<?xml version="1.0" encoding="UTF-8" ?>
<testsuite tests="2" failures="0" name="com.example.krpano.service.testemp.TestEmpServiceTest" time="0.776" errors="0" skipped="0">
  <properties>
    <property name="java.runtime.name" value="Java(TM) SE Runtime Environment"/>
    <property name="java.vm.version" value="14.0.1+7"/>
    <property name="sun.boot.library.path" value="/Library/Java/JavaVirtualMachines/jdk-14.0.1.jdk/Contents/Home/lib"/>
    <property name="maven.multiModuleProjectDirectory" value="/Users/xiaohonggong/IdeaProjects/krpano/krpano_provider"/>
    <property name="java.vm.vendor" value="Oracle Corporation"/>
    <property name="java.vendor.url" value="https://java.oracle.com/"/>
    <property name="guice.disable.misplaced.annotation.check" value="true"/>
    <property name="path.separator" value=":"/>
    <property name="java.vm.name" value="Java HotSpot(TM) 64-Bit Server VM"/>
    <property name="user.script" value="Hans"/>
    <property name="user.country" value="CN"/>
    <property name="sun.java.launcher" value="SUN_STANDARD"/>
    <property name="java.vm.specification.name" value="Java Virtual Machine Specification"/>
    <property name="user.dir" value="/Users/xiaohonggong/IdeaProjects/krpano/krpano_provider"/>
    <property name="java.vm.compressedOopsMode" value="Zero based"/>
    <property name="java.runtime.version" value="14.0.1+7"/>
    <property name="os.arch" value="x86_64"/>
    <property name="java.io.tmpdir" value="/var/folders/xb/v_67wjz145l7fn5zfq79pd080000gn/T/"/>
    <property name="line.separator" value="
"/>
    <property name="java.vm.specification.vendor" value="Oracle Corporation"/>
    <property name="os.name" value="Mac OS X"/>
    <property name="idea.version2020.1" value="true"/>
    <property name="maven.ext.class.path" value="/Applications/IntelliJ IDEA.app/Contents/plugins/maven/lib/maven-event-listener.jar"/>
    <property name="classworlds.conf" value="/Applications/IntelliJ IDEA.app/Contents/plugins/maven/lib/maven3/bin/m2.conf"/>
    <property name="sun.jnu.encoding" value="UTF-8"/>
    <property name="java.library.path" value="/Users/xiaohonggong/Library/Java/Extensions:/Library/Java/Extensions:/Network/Library/Java/Extensions:/System/Library/Java/Extensions:/usr/lib/java:."/>
    <property name="maven.conf" value="/Applications/IntelliJ IDEA.app/Contents/plugins/maven/lib/maven3/conf"/>
    <property name="jdk.debug" value="release"/>
    <property name="java.class.version" value="58.0"/>
    <property name="java.specification.name" value="Java Platform API Specification"/>
    <property name="sun.management.compiler" value="HotSpot 64-Bit Tiered Compilers"/>
    <property name="maven.repo.local" value="/Users/xiaohonggong/Documents/maven/repository"/>
    <property name="os.version" value="10.15.4"/>
    <property name="http.nonProxyHosts" value="local|*.local|169.254/16|*.169.254/16"/>
    <property name="user.home" value="/Users/xiaohonggong"/>
    <property name="user.timezone" value="Asia/Shanghai"/>
    <property name="file.encoding" value="UTF-8"/>
    <property name="java.specification.version" value="14"/>
    <property name="user.name" value="xiaohonggong"/>
    <property name="java.class.path" value="/Applications/IntelliJ IDEA.app/Contents/plugins/maven/lib/maven3/boot/plexus-classworlds-2.6.0.jar"/>
    <property name="java.vm.specification.version" value="14"/>
    <property name="sun.arch.data.model" value="64"/>
    <property name="sun.java.command" value="org.codehaus.classworlds.Launcher -Didea.version2020.1 -s /Users/xiaohonggong/Documents/maven/apache-maven-3.6.3-bin.tar/apache-maven-3.6.3/conf/settings_bak.xml -Dmaven.repo.local=/Users/xiaohonggong/Documents/maven/repository install"/>
    <property name="java.home" value="/Library/Java/JavaVirtualMachines/jdk-14.0.1.jdk/Contents/Home"/>
    <property name="user.language" value="zh"/>
    <property name="java.specification.vendor" value="Oracle Corporation"/>
    <property name="java.vm.info" value="mixed mode, sharing"/>
    <property name="java.version" value="14.0.1"/>
    <property name="java.vendor" value="Oracle Corporation"/>
    <property name="maven.home" value="/Applications/IntelliJ IDEA.app/Contents/plugins/maven/lib/maven3"/>
    <property name="file.separator" value="/"/>
    <property name="java.version.date" value="2020-04-14"/>
    <property name="java.vendor.url.bug" value="https://bugreport.java.com/bugreport/"/>
    <property name="sun.io.unicode.encoding" value="UnicodeBig"/>
    <property name="sun.cpu.endian" value="little"/>
    <property name="socksNonProxyHosts" value="local|*.local|169.254/16|*.169.254/16"/>
    <property name="ftp.nonProxyHosts" value="local|*.local|169.254/16|*.169.254/16"/>
  </properties>
  <testcase classname="com.example.krpano.service.testemp.TestEmpServiceTest" name="testAdd" time="0.719"/>
  <testcase classname="com.example.krpano.service.testemp.TestEmpServiceTest" name="test01" time="0.057"/>
</testsuite>